Analysis & Synthesis report for part3
Wed Jan 13 22:47:28 2016
Quartus II 32-bit Version 11.1 Build 259 01/25/2012 Service Pack 2 SJ Web Edition


---------------------
; Table of Contents ;
---------------------
  1. Legal Notice
  2. Analysis & Synthesis Summary
  3. Analysis & Synthesis Settings
  4. Parallel Compilation
  5. Analysis & Synthesis Source Files Read
  6. Analysis & Synthesis Resource Usage Summary
  7. Analysis & Synthesis Resource Utilization by Entity
  8. Registers Removed During Synthesis
  9. General Register Statistics
 10. Port Connectivity Checks: "counter_4bit:c3"
 11. Port Connectivity Checks: "counter_28bit:c2"
 12. Port Connectivity Checks: "counter_27bit:c1"
 13. Port Connectivity Checks: "counter_26bit:c0"
 14. Elapsed Time Per Partition
 15. Analysis & Synthesis Messages



----------------
; Legal Notice ;
----------------
Copyright (C) 1991-2011 Altera Corporation
Your use of Altera Corporation's design tools, logic functions 
and other software and tools, and its AMPP partner logic 
functions, and any output files from any of the foregoing 
(including device programming or simulation files), and any 
associated documentation or information are expressly subject 
to the terms and conditions of the Altera Program License 
Subscription Agreement, Altera MegaCore Function License 
Agreement, or other applicable license agreement, including, 
without limitation, that your use is for the sole purpose of 
programming logic devices manufactured by Altera and sold by 
Altera or its authorized distributors.  Please refer to the 
applicable agreement for further details.



+------------------------------------------------------------------------------------+
; Analysis & Synthesis Summary                                                       ;
+------------------------------------+-----------------------------------------------+
; Analysis & Synthesis Status        ; Successful - Wed Jan 13 22:47:28 2016         ;
; Quartus II 32-bit Version          ; 11.1 Build 259 01/25/2012 SP 2 SJ Web Edition ;
; Revision Name                      ; part3                                         ;
; Top-level Entity Name              ; part3                                         ;
; Family                             ; Cyclone II                                    ;
; Total logic elements               ; 51                                            ;
;     Total combinational functions  ; 51                                            ;
;     Dedicated logic registers      ; 32                                            ;
; Total registers                    ; 32                                            ;
; Total pins                         ; 12                                            ;
; Total virtual pins                 ; 0                                             ;
; Total memory bits                  ; 0                                             ;
; Embedded Multiplier 9-bit elements ; 0                                             ;
; Total PLLs                         ; 0                                             ;
+------------------------------------+-----------------------------------------------+


+----------------------------------------------------------------------------------------------------------------------+
; Analysis & Synthesis Settings                                                                                        ;
+----------------------------------------------------------------------------+--------------------+--------------------+
; Option                                                                     ; Setting            ; Default Value      ;
+----------------------------------------------------------------------------+--------------------+--------------------+
; Device                                                                     ; EP2C35F672C6       ;                    ;
; Top-level entity name                                                      ; part3              ; part3              ;
; Family name                                                                ; Cyclone II         ; Cyclone IV GX      ;
; Use smart compilation                                                      ; Off                ; Off                ;
; Enable parallel Assembler and TimeQuest Timing Analyzer during compilation ; On                 ; On                 ;
; Enable compact report table                                                ; Off                ; Off                ;
; Restructure Multiplexers                                                   ; Auto               ; Auto               ;
; Create Debugging Nodes for IP Cores                                        ; Off                ; Off                ;
; Preserve fewer node names                                                  ; On                 ; On                 ;
; Disable OpenCore Plus hardware evaluation                                  ; Off                ; Off                ;
; Verilog Version                                                            ; Verilog_2001       ; Verilog_2001       ;
; VHDL Version                                                               ; VHDL_1993          ; VHDL_1993          ;
; State Machine Processing                                                   ; Auto               ; Auto               ;
; Safe State Machine                                                         ; Off                ; Off                ;
; Extract Verilog State Machines                                             ; On                 ; On                 ;
; Extract VHDL State Machines                                                ; On                 ; On                 ;
; Ignore Verilog initial constructs                                          ; Off                ; Off                ;
; Iteration limit for constant Verilog loops                                 ; 5000               ; 5000               ;
; Iteration limit for non-constant Verilog loops                             ; 250                ; 250                ;
; Add Pass-Through Logic to Inferred RAMs                                    ; On                 ; On                 ;
; Infer RAMs from Raw Logic                                                  ; On                 ; On                 ;
; Parallel Synthesis                                                         ; On                 ; On                 ;
; DSP Block Balancing                                                        ; Auto               ; Auto               ;
; NOT Gate Push-Back                                                         ; On                 ; On                 ;
; Power-Up Don't Care                                                        ; On                 ; On                 ;
; Remove Redundant Logic Cells                                               ; Off                ; Off                ;
; Remove Duplicate Registers                                                 ; On                 ; On                 ;
; Ignore CARRY Buffers                                                       ; Off                ; Off                ;
; Ignore CASCADE Buffers                                                     ; Off                ; Off                ;
; Ignore GLOBAL Buffers                                                      ; Off                ; Off                ;
; Ignore ROW GLOBAL Buffers                                                  ; Off                ; Off                ;
; Ignore LCELL Buffers                                                       ; Off                ; Off                ;
; Ignore SOFT Buffers                                                        ; On                 ; On                 ;
; Limit AHDL Integers to 32 Bits                                             ; Off                ; Off                ;
; Optimization Technique                                                     ; Balanced           ; Balanced           ;
; Carry Chain Length                                                         ; 70                 ; 70                 ;
; Auto Carry Chains                                                          ; On                 ; On                 ;
; Auto Open-Drain Pins                                                       ; On                 ; On                 ;
; Perform WYSIWYG Primitive Resynthesis                                      ; Off                ; Off                ;
; Auto ROM Replacement                                                       ; On                 ; On                 ;
; Auto RAM Replacement                                                       ; On                 ; On                 ;
; Auto Shift Register Replacement                                            ; Auto               ; Auto               ;
; Allow Shift Register Merging across Hierarchies                            ; Auto               ; Auto               ;
; Auto Clock Enable Replacement                                              ; On                 ; On                 ;
; Strict RAM Replacement                                                     ; Off                ; Off                ;
; Allow Synchronous Control Signals                                          ; On                 ; On                 ;
; Force Use of Synchronous Clear Signals                                     ; Off                ; Off                ;
; Auto RAM to Logic Cell Conversion                                          ; Off                ; Off                ;
; Auto Resource Sharing                                                      ; Off                ; Off                ;
; Allow Any RAM Size For Recognition                                         ; Off                ; Off                ;
; Allow Any ROM Size For Recognition                                         ; Off                ; Off                ;
; Allow Any Shift Register Size For Recognition                              ; Off                ; Off                ;
; Use LogicLock Constraints during Resource Balancing                        ; On                 ; On                 ;
; Ignore translate_off and synthesis_off directives                          ; Off                ; Off                ;
; Timing-Driven Synthesis                                                    ; Off                ; Off                ;
; Report Parameter Settings                                                  ; On                 ; On                 ;
; Report Source Assignments                                                  ; On                 ; On                 ;
; Report Connectivity Checks                                                 ; On                 ; On                 ;
; Ignore Maximum Fan-Out Assignments                                         ; Off                ; Off                ;
; Synchronization Register Chain Length                                      ; 2                  ; 2                  ;
; PowerPlay Power Optimization                                               ; Normal compilation ; Normal compilation ;
; HDL message level                                                          ; Level2             ; Level2             ;
; Suppress Register Optimization Related Messages                            ; Off                ; Off                ;
; Number of Removed Registers Reported in Synthesis Report                   ; 5000               ; 5000               ;
; Number of Inverted Registers Reported in Synthesis Report                  ; 100                ; 100                ;
; Clock MUX Protection                                                       ; On                 ; On                 ;
; Auto Gated Clock Conversion                                                ; Off                ; Off                ;
; Block Design Naming                                                        ; Auto               ; Auto               ;
; SDC constraint protection                                                  ; Off                ; Off                ;
; Synthesis Effort                                                           ; Auto               ; Auto               ;
; Shift Register Replacement - Allow Asynchronous Clear Signal               ; On                 ; On                 ;
; Analysis & Synthesis Message Level                                         ; Medium             ; Medium             ;
; Disable Register Merging Across Hierarchies                                ; Auto               ; Auto               ;
; Resource Aware Inference For Block RAM                                     ; On                 ; On                 ;
; Synthesis Seed                                                             ; 1                  ; 1                  ;
+----------------------------------------------------------------------------+--------------------+--------------------+


Parallel compilation was disabled, but you have multiple processors available. Enable parallel compilation to reduce compilation time.
+-------------------------------------+
; Parallel Compilation                ;
+----------------------------+--------+
; Processors                 ; Number ;
+----------------------------+--------+
; Number detected on machine ; 4      ;
; Maximum allowed            ; 1      ;
+----------------------------+--------+


+--------------------------------------------------------------------------------------------------------------------------------------------------------------------+
; Analysis & Synthesis Source Files Read                                                                                                                             ;
+----------------------------------+-----------------+------------------------+--------------------------------------------------------------------------------------+
; File Name with User-Entered Path ; Used in Netlist ; File Type              ; File Name with Absolute Path                                                         ;
+----------------------------------+-----------------+------------------------+--------------------------------------------------------------------------------------+
; part3.v                          ; yes             ; User Verilog HDL File  ; E:/university stuff/2nd year/1ST TERM/2nd_year_Fall_work/ECE241/ece241 lab/3/part3.v ;
+----------------------------------+-----------------+------------------------+--------------------------------------------------------------------------------------+


+--------------------------------------------------------+
; Analysis & Synthesis Resource Usage Summary            ;
+---------------------------------------------+----------+
; Resource                                    ; Usage    ;
+---------------------------------------------+----------+
; Estimated Total logic elements              ; 51       ;
;                                             ;          ;
; Total combinational functions               ; 51       ;
; Logic element usage by number of LUT inputs ;          ;
;     -- 4 input functions                    ; 19       ;
;     -- 3 input functions                    ; 2        ;
;     -- <=2 input functions                  ; 30       ;
;                                             ;          ;
; Logic elements by mode                      ;          ;
;     -- normal mode                          ; 25       ;
;     -- arithmetic mode                      ; 26       ;
;                                             ;          ;
; Total registers                             ; 32       ;
;     -- Dedicated logic registers            ; 32       ;
;     -- I/O registers                        ; 0        ;
;                                             ;          ;
; I/O pins                                    ; 12       ;
; Maximum fan-out node                        ; CLOCK_50 ;
; Maximum fan-out                             ; 32       ;
; Total fan-out                               ; 271      ;
; Average fan-out                             ; 2.85     ;
+---------------------------------------------+----------+


+---------------------------------------------------------------------------------------------------------------------------------------------------------------------------------+
; Analysis & Synthesis Resource Utilization by Entity                                                                                                                             ;
+----------------------------+-------------------+--------------+-------------+--------------+---------+-----------+------+--------------+-------------------------+--------------+
; Compilation Hierarchy Node ; LC Combinationals ; LC Registers ; Memory Bits ; DSP Elements ; DSP 9x9 ; DSP 18x18 ; Pins ; Virtual Pins ; Full Hierarchy Name     ; Library Name ;
+----------------------------+-------------------+--------------+-------------+--------------+---------+-----------+------+--------------+-------------------------+--------------+
; |part3                     ; 51 (11)           ; 32 (0)       ; 0           ; 0            ; 0       ; 0         ; 12   ; 0            ; |part3                  ;              ;
;    |counter_28bit:c2|      ; 28 (28)           ; 28 (28)      ; 0           ; 0            ; 0       ; 0         ; 0    ; 0            ; |part3|counter_28bit:c2 ;              ;
;    |counter_4bit:c3|       ; 5 (5)             ; 4 (4)        ; 0           ; 0            ; 0       ; 0         ; 0    ; 0            ; |part3|counter_4bit:c3  ;              ;
;    |hexseg:h0|             ; 7 (7)             ; 0 (0)        ; 0           ; 0            ; 0       ; 0         ; 0    ; 0            ; |part3|hexseg:h0        ;              ;
+----------------------------+-------------------+--------------+-------------+--------------+---------+-----------+------+--------------+-------------------------+--------------+
Note: For table entries with two numbers listed, the numbers in parentheses indicate the number of resources of the given type used by the specific entity alone. The numbers listed outside of parentheses indicate the total resources of the given type used by the specific entity and all of its sub-entities in the hierarchy.


+-----------------------------------------------------------------------------+
; Registers Removed During Synthesis                                          ;
+----------------------------------------+------------------------------------+
; Register name                          ; Reason for Removal                 ;
+----------------------------------------+------------------------------------+
; counter_27bit:c1|Q[0]                  ; Merged with counter_28bit:c2|Q[0]  ;
; counter_26bit:c0|Q[0]                  ; Merged with counter_28bit:c2|Q[0]  ;
; counter_26bit:c0|Q[1]                  ; Merged with counter_28bit:c2|Q[1]  ;
; counter_27bit:c1|Q[1]                  ; Merged with counter_28bit:c2|Q[1]  ;
; counter_26bit:c0|Q[2]                  ; Merged with counter_28bit:c2|Q[2]  ;
; counter_27bit:c1|Q[2]                  ; Merged with counter_28bit:c2|Q[2]  ;
; counter_26bit:c0|Q[3]                  ; Merged with counter_28bit:c2|Q[3]  ;
; counter_27bit:c1|Q[3]                  ; Merged with counter_28bit:c2|Q[3]  ;
; counter_27bit:c1|Q[4]                  ; Merged with counter_28bit:c2|Q[4]  ;
; counter_26bit:c0|Q[4]                  ; Merged with counter_28bit:c2|Q[4]  ;
; counter_26bit:c0|Q[5]                  ; Merged with counter_28bit:c2|Q[5]  ;
; counter_27bit:c1|Q[5]                  ; Merged with counter_28bit:c2|Q[5]  ;
; counter_27bit:c1|Q[6]                  ; Merged with counter_28bit:c2|Q[6]  ;
; counter_26bit:c0|Q[6]                  ; Merged with counter_28bit:c2|Q[6]  ;
; counter_26bit:c0|Q[7]                  ; Merged with counter_28bit:c2|Q[7]  ;
; counter_27bit:c1|Q[7]                  ; Merged with counter_28bit:c2|Q[7]  ;
; counter_27bit:c1|Q[8]                  ; Merged with counter_28bit:c2|Q[8]  ;
; counter_26bit:c0|Q[8]                  ; Merged with counter_28bit:c2|Q[8]  ;
; counter_26bit:c0|Q[9]                  ; Merged with counter_28bit:c2|Q[9]  ;
; counter_27bit:c1|Q[9]                  ; Merged with counter_28bit:c2|Q[9]  ;
; counter_27bit:c1|Q[10]                 ; Merged with counter_28bit:c2|Q[10] ;
; counter_26bit:c0|Q[10]                 ; Merged with counter_28bit:c2|Q[10] ;
; counter_27bit:c1|Q[11]                 ; Merged with counter_28bit:c2|Q[11] ;
; counter_26bit:c0|Q[11]                 ; Merged with counter_28bit:c2|Q[11] ;
; counter_27bit:c1|Q[12]                 ; Merged with counter_28bit:c2|Q[12] ;
; counter_26bit:c0|Q[12]                 ; Merged with counter_28bit:c2|Q[12] ;
; counter_27bit:c1|Q[13]                 ; Merged with counter_28bit:c2|Q[13] ;
; counter_26bit:c0|Q[13]                 ; Merged with counter_28bit:c2|Q[13] ;
; counter_27bit:c1|Q[14]                 ; Merged with counter_28bit:c2|Q[14] ;
; counter_26bit:c0|Q[14]                 ; Merged with counter_28bit:c2|Q[14] ;
; counter_26bit:c0|Q[15]                 ; Merged with counter_28bit:c2|Q[15] ;
; counter_27bit:c1|Q[15]                 ; Merged with counter_28bit:c2|Q[15] ;
; counter_27bit:c1|Q[16]                 ; Merged with counter_28bit:c2|Q[16] ;
; counter_26bit:c0|Q[16]                 ; Merged with counter_28bit:c2|Q[16] ;
; counter_26bit:c0|Q[17]                 ; Merged with counter_28bit:c2|Q[17] ;
; counter_27bit:c1|Q[17]                 ; Merged with counter_28bit:c2|Q[17] ;
; counter_27bit:c1|Q[18]                 ; Merged with counter_28bit:c2|Q[18] ;
; counter_26bit:c0|Q[18]                 ; Merged with counter_28bit:c2|Q[18] ;
; counter_26bit:c0|Q[19]                 ; Merged with counter_28bit:c2|Q[19] ;
; counter_27bit:c1|Q[19]                 ; Merged with counter_28bit:c2|Q[19] ;
; counter_27bit:c1|Q[20]                 ; Merged with counter_28bit:c2|Q[20] ;
; counter_26bit:c0|Q[20]                 ; Merged with counter_28bit:c2|Q[20] ;
; counter_26bit:c0|Q[21]                 ; Merged with counter_28bit:c2|Q[21] ;
; counter_27bit:c1|Q[21]                 ; Merged with counter_28bit:c2|Q[21] ;
; counter_27bit:c1|Q[22]                 ; Merged with counter_28bit:c2|Q[22] ;
; counter_26bit:c0|Q[22]                 ; Merged with counter_28bit:c2|Q[22] ;
; counter_26bit:c0|Q[23]                 ; Merged with counter_28bit:c2|Q[23] ;
; counter_27bit:c1|Q[23]                 ; Merged with counter_28bit:c2|Q[23] ;
; counter_27bit:c1|Q[24]                 ; Merged with counter_28bit:c2|Q[24] ;
; counter_26bit:c0|Q[24]                 ; Merged with counter_28bit:c2|Q[24] ;
; counter_26bit:c0|Q[25]                 ; Merged with counter_28bit:c2|Q[25] ;
; counter_27bit:c1|Q[25]                 ; Merged with counter_28bit:c2|Q[25] ;
; counter_27bit:c1|Q[26]                 ; Merged with counter_28bit:c2|Q[26] ;
; Total Number of Removed Registers = 53 ;                                    ;
+----------------------------------------+------------------------------------+


+------------------------------------------------------+
; General Register Statistics                          ;
+----------------------------------------------+-------+
; Statistic                                    ; Value ;
+----------------------------------------------+-------+
; Total registers                              ; 32    ;
; Number of registers using Synchronous Clear  ; 0     ;
; Number of registers using Synchronous Load   ; 0     ;
; Number of registers using Asynchronous Clear ; 32    ;
; Number of registers using Asynchronous Load  ; 0     ;
; Number of registers using Clock Enable       ; 27    ;
; Number of registers using Preset             ; 0     ;
+----------------------------------------------+-------+


+---------------------------------------------------------------------------------------------------------------------------------------------------------------------+
; Port Connectivity Checks: "counter_4bit:c3"                                                                                                                         ;
+------+-------+----------+-------------------------------------------------------------------------------------------------------------------------------------------+
; Port ; Type  ; Severity ; Details                                                                                                                                   ;
+------+-------+----------+-------------------------------------------------------------------------------------------------------------------------------------------+
; K    ; Input ; Warning  ; Input port expression (1 bits) is smaller than the input port (2 bits) it drives.  Extra input bit(s) "K[1..1]" will be connected to GND. ;
+------+-------+----------+-------------------------------------------------------------------------------------------------------------------------------------------+


+---------------------------------------------------------------------------------------------------------------------------------------------------------------------+
; Port Connectivity Checks: "counter_28bit:c2"                                                                                                                        ;
+------+-------+----------+-------------------------------------------------------------------------------------------------------------------------------------------+
; Port ; Type  ; Severity ; Details                                                                                                                                   ;
+------+-------+----------+-------------------------------------------------------------------------------------------------------------------------------------------+
; K    ; Input ; Warning  ; Input port expression (1 bits) is smaller than the input port (2 bits) it drives.  Extra input bit(s) "K[1..1]" will be connected to GND. ;
+------+-------+----------+-------------------------------------------------------------------------------------------------------------------------------------------+


+---------------------------------------------------------------------------------------------------------------------------------------------------------------------+
; Port Connectivity Checks: "counter_27bit:c1"                                                                                                                        ;
+------+-------+----------+-------------------------------------------------------------------------------------------------------------------------------------------+
; Port ; Type  ; Severity ; Details                                                                                                                                   ;
+------+-------+----------+-------------------------------------------------------------------------------------------------------------------------------------------+
; K    ; Input ; Warning  ; Input port expression (1 bits) is smaller than the input port (2 bits) it drives.  Extra input bit(s) "K[1..1]" will be connected to GND. ;
+------+-------+----------+-------------------------------------------------------------------------------------------------------------------------------------------+


+---------------------------------------------------------------------------------------------------------------------------------------------------------------------+
; Port Connectivity Checks: "counter_26bit:c0"                                                                                                                        ;
+------+-------+----------+-------------------------------------------------------------------------------------------------------------------------------------------+
; Port ; Type  ; Severity ; Details                                                                                                                                   ;
+------+-------+----------+-------------------------------------------------------------------------------------------------------------------------------------------+
; K    ; Input ; Warning  ; Input port expression (1 bits) is smaller than the input port (2 bits) it drives.  Extra input bit(s) "K[1..1]" will be connected to GND. ;
+------+-------+----------+-------------------------------------------------------------------------------------------------------------------------------------------+


+-------------------------------+
; Elapsed Time Per Partition    ;
+----------------+--------------+
; Partition Name ; Elapsed Time ;
+----------------+--------------+
; Top            ; 00:00:00     ;
+----------------+--------------+


+-------------------------------+
; Analysis & Synthesis Messages ;
+-------------------------------+
Info: *******************************************************************
Info: Running Quartus II 32-bit Analysis & Synthesis
    Info: Version 11.1 Build 259 01/25/2012 Service Pack 2 SJ Web Edition
    Info: Processing started: Wed Jan 13 22:47:26 2016
Info: Command: quartus_map --read_settings_files=on --write_settings_files=off part3 -c part3
Warning (20028): Parallel compilation is not licensed and has been disabled
Info (12021): Found 6 design units, including 6 entities, in source file part3.v
    Info (12023): Found entity 1: hexseg
    Info (12023): Found entity 2: counter_26bit
    Info (12023): Found entity 3: counter_27bit
    Info (12023): Found entity 4: counter_28bit
    Info (12023): Found entity 5: counter_4bit
    Info (12023): Found entity 6: part3
Warning (10236): Verilog HDL Implicit Net warning at part3.v(33): created implicit net for "Clock"
Warning (10236): Verilog HDL Implicit Net warning at part3.v(50): created implicit net for "Clock"
Warning (10236): Verilog HDL Implicit Net warning at part3.v(67): created implicit net for "Clock"
Warning (10236): Verilog HDL Implicit Net warning at part3.v(84): created implicit net for "Clock"
Info (12127): Elaborating entity "part3" for the top level hierarchy
Info (12128): Elaborating entity "counter_26bit" for hierarchy "counter_26bit:c0"
Warning (10230): Verilog HDL assignment warning at part3.v(41): truncated value with size 32 to match size of target (26)
Info (12128): Elaborating entity "counter_27bit" for hierarchy "counter_27bit:c1"
Warning (10230): Verilog HDL assignment warning at part3.v(58): truncated value with size 32 to match size of target (27)
Info (12128): Elaborating entity "counter_28bit" for hierarchy "counter_28bit:c2"
Warning (10230): Verilog HDL assignment warning at part3.v(75): truncated value with size 32 to match size of target (28)
Info (12128): Elaborating entity "counter_4bit" for hierarchy "counter_4bit:c3"
Warning (10230): Verilog HDL assignment warning at part3.v(92): truncated value with size 32 to match size of target (4)
Info (12128): Elaborating entity "hexseg" for hierarchy "hexseg:h0"
Info (13005): Duplicate registers merged to single register
Info (13005): Duplicate registers merged to single register
Warning (12241): 4 hierarchies have connectivity warnings - see the Connectivity Checks report folder
Info (16010): Generating hard_block partition "hard_block:auto_generated_inst"
Info (21057): Implemented 63 device resources after synthesis - the final resource count might be different
    Info (21058): Implemented 5 input pins
    Info (21059): Implemented 7 output pins
    Info (21061): Implemented 51 logic cells
Info: Quartus II 32-bit Analysis & Synthesis was successful. 0 errors, 10 warnings
    Info: Peak virtual memory: 299 megabytes
    Info: Processing ended: Wed Jan 13 22:47:28 2016
    Info: Elapsed time: 00:00:02
    Info: Total CPU time (on all processors): 00:00:01


